<?xml version="1.0" encoding="UTF-8"?>
<!-- Generated by org.testng.reporters.JUnitReportReporter -->
<testsuite hostname="Queen-Notebook" name="com.xcellent.challenge.CIDIRTest" tests="1" failures="0" timestamp="25 Nov 2011 19:07:29 GMT" time="0.076" errors="0">
  <testcase name="testCidr" time="0.076" classname="com.xcellent.challenge.CIDIRTest"/>
</testsuite>
